\BOOKMARK [1][]{section.1}{\376\377\000I\000n\000t\000r\000o\000d\000u\000c\000t\000i\000o\000n}{}% 1
\BOOKMARK [1][]{section.2}{\376\377\000R\000e\000l\000a\000t\000e\000d\000\040\000w\000o\000r\000k}{}% 2
\BOOKMARK [1][]{section.3}{\376\377\000P\000R\000E\000L\000I\000M\000I\000N\000A\000R\000I\000E\000S}{}% 3
\BOOKMARK [2][]{subsection.3.1}{\376\377\000P\000r\000o\000g\000r\000a\000m\000\040\000S\000t\000a\000t\000e\000\040\000A\000b\000s\000t\000r\000a\000c\000t\000i\000o\000n}{section.3}% 4
\BOOKMARK [2][]{subsection.3.2}{\376\377\000P\000A\000T\000C\000H\000-\000S\000I\000M\000\040\000a\000n\000d\000\040\000T\000E\000S\000T\000-\000S\000I\000M}{section.3}% 5
\BOOKMARK [1][]{section.4}{\376\377\000A\000P\000P\000R\000O\000A\000C\000H}{}% 6
\BOOKMARK [2][]{subsection.4.1}{\376\377\000O\000v\000e\000r\000v\000i\000e\000w}{section.4}% 7
\BOOKMARK [2][]{subsection.4.2}{\376\377\000S\000n\000a\000p\000s\000h\000o\000t\000\040\000F\000i\000n\000d\000e\000r}{section.4}% 8
\BOOKMARK [2][]{subsection.4.3}{\376\377\000T\000e\000s\000t\000\040\000G\000e\000n\000e\000r\000a\000t\000i\000o\000n}{section.4}% 9
\BOOKMARK [2][]{subsection.4.4}{\376\377\000I\000d\000e\000n\000t\000i\000f\000i\000c\000a\000t\000i\000o\000n}{section.4}% 10
\BOOKMARK [3][]{subsubsection.4.4.1}{\376\377\000S\000e\000l\000e\000c\000t\000\040\000S\000t\000a\000t\000e\000m\000e\000n\000t}{subsection.4.4}% 11
\BOOKMARK [3][]{subsubsection.4.4.2}{\376\377\000P\000a\000t\000c\000h\000\040\000i\000d\000e\000n\000t\000i\000f\000i\000c\000a\000t\000i\000o\000n}{subsection.4.4}% 12
\BOOKMARK [1][]{section.5}{\376\377\000E\000V\000A\000L\000U\000A\000T\000I\000O\000N}{}% 13
\BOOKMARK [2][]{subsection.5.1}{\376\377\000D\000a\000t\000a\000s\000e\000t}{section.5}% 14
\BOOKMARK [2][]{subsection.5.2}{\376\377\000E\000x\000p\000e\000r\000i\000m\000e\000n\000t\000\040\000S\000e\000t\000u\000p}{section.5}% 15
\BOOKMARK [2][]{subsection.5.3}{\376\377\000E\000x\000p\000e\000r\000i\000m\000e\000n\000t\000a\000l\000\040\000R\000e\000s\000u\000l\000t}{section.5}% 16
\BOOKMARK [3][]{subsubsection.5.3.1}{\376\377\000R\000e\000s\000u\000l\000t\000\040\000o\000f\000\040\000R\000Q\0001}{subsection.5.3}% 17
\BOOKMARK [3][]{subsubsection.5.3.2}{\376\377\000R\000e\000s\000u\000l\000t\000\040\000o\000f\000\040\000R\000Q\0002}{subsection.5.3}% 18
\BOOKMARK [3][]{subsubsection.5.3.3}{\376\377\000R\000e\000s\000u\000l\000t\000\040\000o\000f\000\040\000R\000Q\0003}{subsection.5.3}% 19
\BOOKMARK [3][]{subsubsection.5.3.4}{\376\377\000R\000e\000s\000u\000l\000t\000\040\000o\000f\000\040\000R\000Q\0004}{subsection.5.3}% 20
\BOOKMARK [3][]{subsubsection.5.3.5}{\376\377\000R\000e\000s\000u\000l\000t\000\040\000o\000f\000\040\000R\000Q\0005}{subsection.5.3}% 21
\BOOKMARK [3][]{subsubsection.5.3.6}{\376\377\000R\000e\000s\000u\000l\000t\000\040\000o\000f\000\040\000R\000Q\0006}{subsection.5.3}% 22
\BOOKMARK [1][]{section.6}{\376\377\000C\000O\000N\000C\000L\000U\000S\000I\000O\000N}{}% 23
