This is pdfTeX, Version 3.141592653-2.6-1.40.24 (TeX Live 2022) (preloaded format=pdflatex 2022.9.7)  11 JUN 2023 16:34
entering extended mode
 restricted \write18 enabled.
 %&-line parsing enabled.
**template.tex
(./template.tex
LaTeX2e <2021-11-15> patch level 1
L3 programming layer <2022-02-24>

LaTeX Info: File `example.eps' already exists on the system.
            Not generating it from this source.

(d:/texlive/2022/texmf-dist/tex/latex/base/fix-cm.sty
Package: fix-cm 2020/11/24 v1.1t fixes to LaTeX

(d:/texlive/2022/texmf-dist/tex/latex/base/ts1enc.def
File: ts1enc.def 2001/06/05 v3.0e (jk/car/fm) Standard LaTeX file
LaTeX Font Info:    Redeclaring font encoding TS1 on input line 47.
)) (./svjour3.cls
Document Class: svjour3 2007/05/08 v3.2 
LaTeX document class for Springer journals
Class Springer-SVJour3 Info: extra/valid Springer sub-package (-> *.clo) 
(Springer-SVJour3)           not found in option list of \documentclass
(Springer-SVJour3)           - autoactivating "global" style.
(./svglov3.clo
File: svglov3.clo 2009/12/18 v3.2 style option for standardised journals

SVJour Class option: svglov3.clo for standardised journals
)
LaTeX Font Info:    Redeclaring math symbol \Gamma on input line 147.
LaTeX Font Info:    Redeclaring math symbol \Delta on input line 148.
LaTeX Font Info:    Redeclaring math symbol \Theta on input line 149.
LaTeX Font Info:    Redeclaring math symbol \Lambda on input line 150.
LaTeX Font Info:    Redeclaring math symbol \Xi on input line 151.
LaTeX Font Info:    Redeclaring math symbol \Pi on input line 152.
LaTeX Font Info:    Redeclaring math symbol \Sigma on input line 153.
LaTeX Font Info:    Redeclaring math symbol \Upsilon on input line 154.
LaTeX Font Info:    Redeclaring math symbol \Phi on input line 155.
LaTeX Font Info:    Redeclaring math symbol \Psi on input line 156.
LaTeX Font Info:    Redeclaring math symbol \Omega on input line 157.
\logodepth=\dimen138
\headerboxheight=\dimen139
\betweenumberspace=\dimen140
\aftertext=\dimen141
\headlineindent=\dimen142
\c@inst=\count185
\c@auth=\count186
\instindent=\dimen143
\authrun=\box50
\authorrunning=\toks16
\titrun=\box51
\titlerunning=\toks17
\combirun=\box52
\c@lastpage=\count187
\rubricwidth=\dimen144
\c@section=\count188
\c@subsection=\count189
\c@subsubsection=\count190
\c@paragraph=\count191
\c@subparagraph=\count192
\spthmsep=\dimen145
\c@theorem=\count193
\c@case=\count194
\c@conjecture=\count195
\c@corollary=\count196
\c@definition=\count197
\c@example=\count198
\c@exercise=\count199
\c@lemma=\count266
\c@note=\count267
\c@problem=\count268
\c@property=\count269
\c@proposition=\count270
\c@question=\count271
\c@solution=\count272
\c@remark=\count273
\c@figure=\count274
\c@table=\count275
\abovecaptionskip=\skip47
\belowcaptionskip=\skip48
\figcapgap=\dimen146
\tabcapgap=\dimen147
\figgap=\dimen148
\bibindent=\dimen149
\@tempcntc=\count276
) (d:/texlive/2022/texmf-dist/tex/latex/graphics/graphicx.sty
Package: graphicx 2021/09/16 v1.2d Enhanced LaTeX Graphics (DPC,SPQR)

(d:/texlive/2022/texmf-dist/tex/latex/graphics/keyval.sty
Package: keyval 2014/10/28 v1.15 key=value parser (DPC)
\KV@toks@=\toks18
)
(d:/texlive/2022/texmf-dist/tex/latex/graphics/graphics.sty
Package: graphics 2021/03/04 v1.4d Standard LaTeX Graphics (DPC,SPQR)

(d:/texlive/2022/texmf-dist/tex/latex/graphics/trig.sty
Package: trig 2021/08/11 v1.11 sin cos tan (DPC)
)
(d:/texlive/2022/texmf-dist/tex/latex/graphics-cfg/graphics.cfg
File: graphics.cfg 2016/06/04 v1.11 sample graphics configuration
)
Package graphics Info: Driver file: pdftex.def on input line 107.

(d:/texlive/2022/texmf-dist/tex/latex/graphics-def/pdftex.def
File: pdftex.def 2020/10/05 v1.2a Graphics/color driver for pdftex
))
\Gin@req@height=\dimen150
\Gin@req@width=\dimen151
)
(d:/texlive/2022/texmf-dist/tex/latex/l3backend/l3backend-pdftex.def
File: l3backend-pdftex.def 2022-02-07 L3 backend support: PDF output (pdfTeX)
\l__color_backend_stack_int=\count277
\l__pdf_internal_box=\box53
)
(./template.aux)
\openout1 = `template.aux'.

LaTeX Font Info:    Checking defaults for OML/cmm/m/it on input line 62.
LaTeX Font Info:    ... okay on input line 62.
LaTeX Font Info:    Checking defaults for OMS/cmsy/m/n on input line 62.
LaTeX Font Info:    ... okay on input line 62.
LaTeX Font Info:    Checking defaults for OT1/cmr/m/n on input line 62.
LaTeX Font Info:    ... okay on input line 62.
LaTeX Font Info:    Checking defaults for T1/cmr/m/n on input line 62.
LaTeX Font Info:    ... okay on input line 62.
LaTeX Font Info:    Checking defaults for TS1/cmr/m/n on input line 62.
LaTeX Font Info:    ... okay on input line 62.
LaTeX Font Info:    Checking defaults for OMX/cmex/m/n on input line 62.
LaTeX Font Info:    ... okay on input line 62.
LaTeX Font Info:    Checking defaults for U/cmr/m/n on input line 62.
LaTeX Font Info:    ... okay on input line 62.

Unknown journal: specify \journalname{<name of your journal>} in preambel

(d:/texlive/2022/texmf-dist/tex/context/base/mkii/supp-pdf.mkii
[Loading MPS to PDF converter (version 2006.09.02).]
\scratchcounter=\count278
\scratchdimen=\dimen152
\scratchbox=\box54
\nofMPsegments=\count279
\nofMParguments=\count280
\everyMPshowfont=\toks19
\MPscratchCnt=\count281
\MPscratchDim=\dimen153
\MPnumerator=\count282
\makeMPintoPDFobject=\count283
\everyMPtoPDFconversion=\toks20
) (d:/texlive/2022/texmf-dist/tex/latex/epstopdf-pkg/epstopdf-base.sty
Package: epstopdf-base 2020-01-24 v2.11 Base part for package epstopdf
Package epstopdf-base Info: Redefining graphics rule for `.eps' on input line 4
85.

(d:/texlive/2022/texmf-dist/tex/latex/latexconfig/epstopdf-sys.cfg
File: epstopdf-sys.cfg 2010/07/13 v1.3 Configuration of (r)epstopdf for TeX Liv
e
))
SVJour3 warning: Missing \journalname
LaTeX Font Info:    External font `cmex10' loaded for size
(Font)              <7> on input line 93.
LaTeX Font Info:    External font `cmex10' loaded for size
(Font)              <5> on input line 93.
LaTeX Font Info:    External font `cmex10' loaded for size
(Font)              <8> on input line 93.
LaTeX Font Info:    External font `cmex10' loaded for size
(Font)              <6> on input line 93.
Package epstopdf Info: Source file: <example.eps>
(epstopdf)                    date: 2008-06-12 09:01:30
(epstopdf)                    size: 304 bytes
(epstopdf)             Output file: <example-eps-converted-to.pdf>
(epstopdf)                    date: 2023-06-11 15:10:56
(epstopdf)                    size: 2410 bytes
(epstopdf)             Command: <repstopdf --outfile=example-eps-converted-to.p
df example.eps>
(epstopdf)             \includegraphics on input line 122.
Package epstopdf Info: Output file is already uptodate.
<example-eps-converted-to.pdf, id=1, 202.7575pt x 202.7575pt>
File: example-eps-converted-to.pdf Graphic file (type pdf)
<use example-eps-converted-to.pdf>
Package pdftex.def Info: example-eps-converted-to.pdf  used on input line 122.
(pdftex.def)             Requested size: 202.757pt x 202.757pt.
[1{d:/texlive/2022/texmf-var/fonts/map/pdftex/updmap/pdftex.map}]
Package epstopdf Info: Source file: <example.eps>
(epstopdf)                    date: 2008-06-12 09:01:30
(epstopdf)                    size: 304 bytes
(epstopdf)             Output file: <example-eps-converted-to.pdf>
(epstopdf)                    date: 2023-06-11 15:10:56
(epstopdf)                    size: 2410 bytes
(epstopdf)             Command: <repstopdf --outfile=example-eps-converted-to.p
df example.eps>
(epstopdf)             \includegraphics on input line 132.
Package epstopdf Info: Output file is already uptodate.
File: example-eps-converted-to.pdf Graphic file (type pdf)
<use example-eps-converted-to.pdf>
Package pdftex.def Info: example-eps-converted-to.pdf  used on input line 132.
(pdftex.def)             Requested size: 253.5pt x 253.50812pt.
 [2 <./example-eps-converted-to.pdf>] [3] (./template.aux) ) 
Here is how much of TeX's memory you used:
 1746 strings out of 478268
 29058 string characters out of 5850346
 321712 words of memory out of 5000000
 19977 multiletter control sequences out of 15000+600000
 475707 words of font info for 49 fonts, out of 8000000 for 9000
 1141 hyphenation exceptions out of 8191
 55i,8n,62p,215b,322s stack positions out of 10000i,1000n,20000p,200000b,200000s
<d:/texlive/2022/te
xmf-dist/fonts/type1/public/amsfonts/cm/cmbsy10.pfb><d:/texlive/2022/texmf-dist
/fonts/type1/public/amsfonts/cm/cmbx10.pfb><d:/texlive/2022/texmf-dist/fonts/ty
pe1/public/amsfonts/cm/cmbx12.pfb><d:/texlive/2022/texmf-dist/fonts/type1/publi
c/amsfonts/cm/cmbx8.pfb><d:/texlive/2022/texmf-dist/fonts/type1/public/amsfonts
/cm/cmmi10.pfb><d:/texlive/2022/texmf-dist/fonts/type1/public/amsfonts/cm/cmr10
.pfb><d:/texlive/2022/texmf-dist/fonts/type1/public/amsfonts/cm/cmr7.pfb><d:/te
xlive/2022/texmf-dist/fonts/type1/public/amsfonts/cm/cmr8.pfb><d:/texlive/2022/
texmf-dist/fonts/type1/public/amsfonts/cm/cmsy10.pfb><d:/texlive/2022/texmf-dis
t/fonts/type1/public/amsfonts/cm/cmti10.pfb>
Output written on template.pdf (3 pages, 121527 bytes).
PDF statistics:
 66 PDF objects out of 1000 (max. 8388607)
 39 compressed objects within 1 object stream
 0 named destinations out of 1000 (max. 500000)
 6 words of extra memory for PDF output out of 10000 (max. 10000000)

